<?xml version="1.0" encoding="UTF-8"?>
<testsuite name="dijkstra.ConcurrentStressTest" tests="3" skipped="0" failures="0" errors="0" timestamp="2023-01-22T15:59:39" hostname="MacBook-Air-Elena-Soboleva.local" time="2.336">
  <properties/>
  <testcase name="test on small graphs" classname="dijkstra.ConcurrentStressTest" time="0.973"/>
  <testcase name="test on trees" classname="dijkstra.ConcurrentStressTest" time="0.704"/>
  <testcase name="test on very small graphs" classname="dijkstra.ConcurrentStressTest" time="0.657"/>
  <system-out><![CDATA[]]></system-out>
  <system-err><![CDATA[]]></system-err>
</testsuite>
