<?xml version="1.0" encoding="UTF-8"?>
<testsuite name="mpp.stack.TreiberStackTest" tests="2" skipped="0" failures="0" errors="0" timestamp="2023-01-13T18:37:09" hostname="ip-10-90-5-225.eu-central-1.compute.internal" time="126.729">
  <properties/>
  <testcase name="stressTest" classname="mpp.stack.TreiberStackTest" time="52.915"/>
  <testcase name="modelCheckingTest" classname="mpp.stack.TreiberStackTest" time="73.811"/>
  <system-out><![CDATA[]]></system-out>
  <system-err><![CDATA[]]></system-err>
</testsuite>
