<?xml version="1.0" encoding="UTF-8"?>
<testsuite name="mpp.linkedlistset.LinkedListSetTest" tests="1" skipped="0" failures="0" errors="0" timestamp="2023-01-22T20:38:01" hostname="MacBook-Air-Elena-Soboleva.local" time="25.59">
  <properties/>
  <testcase name="stressTest" classname="mpp.linkedlistset.LinkedListSetTest" time="25.59"/>
  <system-out><![CDATA[]]></system-out>
  <system-err><![CDATA[]]></system-err>
</testsuite>
