<?xml version="1.0" encoding="UTF-8"?>
<testsuite name="FCPriorityQueueTest" tests="2" skipped="0" failures="0" errors="0" timestamp="2023-01-19T17:47:55" hostname="ip-10-90-5-225.eu-central-1.compute.internal" time="457.936">
  <properties/>
  <testcase name="stressTest" classname="FCPriorityQueueTest" time="159.661"/>
  <testcase name="modelCheckingTest" classname="FCPriorityQueueTest" time="298.272"/>
  <system-out><![CDATA[]]></system-out>
  <system-err><![CDATA[]]></system-err>
</testsuite>
