<?xml version="1.0" encoding="UTF-8"?>
<testsuite name="mpp.counter.ShardedCounterTest" tests="2" skipped="0" failures="0" errors="0" timestamp="2023-01-15T20:28:08" hostname="ip-10-90-5-225.eu-central-1.compute.internal" time="49.621">
  <properties/>
  <testcase name="stressTest" classname="mpp.counter.ShardedCounterTest" time="17.985"/>
  <testcase name="modelCheckingTest" classname="mpp.counter.ShardedCounterTest" time="31.634"/>
  <system-out><![CDATA[]]></system-out>
  <system-err><![CDATA[]]></system-err>
</testsuite>
