<?xml version="1.0" encoding="UTF-8"?>
<testsuite name="mpp.faaqueue.FAAQueueTest" tests="2" skipped="0" failures="0" errors="0" timestamp="2023-01-16T23:57:45" hostname="MacBook-Air-Elena-Soboleva.local" time="352.37">
  <properties/>
  <testcase name="stressTest" classname="mpp.faaqueue.FAAQueueTest" time="216.959"/>
  <testcase name="modelCheckingTest" classname="mpp.faaqueue.FAAQueueTest" time="135.408"/>
  <system-out><![CDATA[]]></system-out>
  <system-err><![CDATA[]]></system-err>
</testsuite>
