<?xml version="1.0" encoding="UTF-8"?>
<testsuite name="FunctionalTest" tests="5" skipped="0" failures="0" errors="0" timestamp="2023-01-19T20:04:24" hostname="ip-10-90-5-225.eu-central-1.compute.internal" time="0.003">
  <properties/>
  <testcase name="testTotalAmount" classname="FunctionalTest" time="0.001"/>
  <testcase name="testEmptyBank" classname="FunctionalTest" time="0.0"/>
  <testcase name="testWithdraw" classname="FunctionalTest" time="0.0"/>
  <testcase name="testDeposit" classname="FunctionalTest" time="0.0"/>
  <testcase name="testTransfer" classname="FunctionalTest" time="0.001"/>
  <system-out><![CDATA[]]></system-out>
  <system-err><![CDATA[]]></system-err>
</testsuite>
