<?xml version="1.0" encoding="UTF-8"?>
<testsuite name="mpp.stackWithElimination.TreiberStackWithEliminationTest" tests="2" skipped="0" failures="0" errors="0" timestamp="2023-01-14T15:05:34" hostname="MacBook-Air-Elena-Soboleva.local" time="494.626">
  <properties/>
  <testcase name="stressTest" classname="mpp.stackWithElimination.TreiberStackWithEliminationTest" time="280.98"/>
  <testcase name="modelCheckingTest" classname="mpp.stackWithElimination.TreiberStackWithEliminationTest" time="213.643"/>
  <system-out><![CDATA[]]></system-out>
  <system-err><![CDATA[]]></system-err>
</testsuite>
