<?xml version="1.0" encoding="UTF-8"?>
<testsuite name="AtomicArrayNoAbaTest" tests="1" skipped="0" failures="0" errors="0" timestamp="2023-01-22T22:33:51" hostname="MacBook-Air-Elena-Soboleva.local" time="41.169">
  <properties/>
  <testcase name="stressTest" classname="AtomicArrayNoAbaTest" time="41.169"/>
  <system-out><![CDATA[]]></system-out>
  <system-err><![CDATA[]]></system-err>
</testsuite>
