<?xml version="1.0" encoding="UTF-8"?>
<testsuite name="SynchronousQueueTest" tests="1" skipped="0" failures="0" errors="0" timestamp="2023-01-22T14:00:22" hostname="MacBook-Air-Elena-Soboleva.local" time="88.751">
  <properties/>
  <testcase name="stressTest" classname="SynchronousQueueTest" time="88.751"/>
  <system-out><![CDATA[]]></system-out>
  <system-err><![CDATA[]]></system-err>
</testsuite>
