<?xml version="1.0" encoding="UTF-8"?>
<testsuite name="LinearizabilityTest" tests="1" skipped="0" failures="0" errors="0" timestamp="2022-11-28T19:36:22" hostname="MacBook-Air-Elena-Soboleva.local" time="87.898">
  <properties/>
  <testcase name="test" classname="LinearizabilityTest" time="87.898"/>
  <system-out><![CDATA[]]></system-out>
  <system-err><![CDATA[]]></system-err>
</testsuite>
