<?xml version="1.0" encoding="UTF-8"?>
<testsuite name="CodeTest" tests="4" skipped="0" failures="0" errors="0" timestamp="2022-11-28T19:36:22" hostname="MacBook-Air-Elena-Soboleva.local" time="0.061">
  <properties/>
  <testcase name="testAccountLock" classname="CodeTest" time="0.026"/>
  <testcase name="testFineGrainedLock" classname="CodeTest" time="0.034"/>
  <testcase name="testNoSynchronizedMethods" classname="CodeTest" time="0.001"/>
  <testcase name="testImplFields" classname="CodeTest" time="0.0"/>
  <system-out><![CDATA[]]></system-out>
  <system-err><![CDATA[]]></system-err>
</testsuite>
