<?xml version="1.0" encoding="UTF-8"?>
<testsuite name="MTStressTest" tests="1" skipped="0" failures="0" errors="0" timestamp="2022-11-28T19:37:50" hostname="MacBook-Air-Elena-Soboleva.local" time="20.105">
  <properties/>
  <testcase name="testStress" classname="MTStressTest" time="20.105"/>
  <system-out><![CDATA[Phase # 1 - done  6,114,224 ops (warm up)
Phase # 2 - done  6,879,570 ops (warm up)
Phase # 3 - done  7,008,583 ops (warm up)
Phase # 4 - done  7,621,733 ops (warm up)
Phase # 5 - done  7,312,059 ops (warm up)
Phase # 6 - done  7,589,714 ops (warm up)
Phase # 7 - done  8,117,473 ops (warm up)
Phase # 8 - done  7,284,783 ops (warm up)
Phase # 9 - done  7,991,147 ops (warm up)
Phase #10 - done  8,193,319 ops (warm up)
Phase #11 - done  7,971,765 ops (measure)
Phase #12 - done  8,271,057 ops (measure)
Phase #13 - done  8,211,656 ops (measure)
Phase #14 - done  8,132,759 ops (measure)
Phase #15 - done  8,072,358 ops (measure)
Phase #16 - done  7,716,972 ops (measure)
Phase #17 - done  7,854,420 ops (measure)
Phase #18 - done  7,943,099 ops (measure)
Phase #19 - done  7,416,962 ops (measure)
Phase #20 - done  8,285,555 ops (measure)
Average ops per phase: 7,987,660 +- 272,114
]]></system-out>
  <system-err><![CDATA[]]></system-err>
</testsuite>
