<?xml version="1.0" encoding="UTF-8"?>
<testsuite name="FunctionalTest" tests="5" skipped="0" failures="0" errors="0" timestamp="2022-11-28T19:36:22" hostname="MacBook-Air-Elena-Soboleva.local" time="0.005">
  <properties/>
  <testcase name="testTotalAmount" classname="FunctionalTest" time="0.0"/>
  <testcase name="testEmptyBank" classname="FunctionalTest" time="0.0"/>
  <testcase name="testWithdraw" classname="FunctionalTest" time="0.0"/>
  <testcase name="testDeposit" classname="FunctionalTest" time="0.001"/>
  <testcase name="testTransfer" classname="FunctionalTest" time="0.002"/>
  <system-out><![CDATA[]]></system-out>
  <system-err><![CDATA[]]></system-err>
</testsuite>
